{"/Users/user1000/gitprojects/escacs-permit-engine/src/lib/permit-engine/domain/entities/ComplianceRequirement.ts": {"path":"/Users/user1000/gitprojects/escacs-permit-engine/src/lib/permit-engine/domain/entities/ComplianceRequirement.ts","statementMap":{"0":{"start":{"line":31,"column":8},"end":{"line":31,"column":null}},"1":{"start":{"line":32,"column":8},"end":{"line":32,"column":null}},"2":{"start":{"line":33,"column":8},"end":{"line":33,"column":null}},"3":{"start":{"line":34,"column":8},"end":{"line":34,"column":null}},"4":{"start":{"line":35,"column":8},"end":{"line":35,"column":null}},"5":{"start":{"line":36,"column":8},"end":{"line":36,"column":null}},"6":{"start":{"line":37,"column":8},"end":{"line":37,"column":null}},"7":{"start":{"line":38,"column":8},"end":{"line":38,"column":null}},"8":{"start":{"line":42,"column":8},"end":{"line":42,"column":null}}},"fnMap":{"0":{"name":"(anonymous_0)","decl":{"start":{"line":30,"column":4},"end":{"line":30,"column":16}},"loc":{"start":{"line":30,"column":51},"end":{"line":39,"column":null}},"line":30},"1":{"name":"(anonymous_1)","decl":{"start":{"line":41,"column":11},"end":{"line":41,"column":18}},"loc":{"start":{"line":41,"column":76},"end":{"line":43,"column":null}},"line":41}},"branchMap":{"0":{"loc":{"start":{"line":36,"column":28},"end":{"line":36,"column":null}},"type":"binary-expr","locations":[{"start":{"line":36,"column":28},"end":{"line":36,"column":50}},{"start":{"line":36,"column":50},"end":{"line":36,"column":null}}],"line":36},"1":{"loc":{"start":{"line":37,"column":30},"end":{"line":37,"column":null}},"type":"binary-expr","locations":[{"start":{"line":37,"column":30},"end":{"line":37,"column":54}},{"start":{"line":37,"column":54},"end":{"line":37,"column":null}}],"line":37}},"s":{"0":1,"1":1,"2":1,"3":1,"4":1,"5":1,"6":1,"7":1,"8":1},"f":{"0":1,"1":1},"b":{"0":[1,0],"1":[1,0]},"meta":{"lastBranch":2,"lastFunction":2,"lastStatement":9,"seen":{"f:30:4:30:16":0,"s:31:8:31:Infinity":0,"s:32:8:32:Infinity":1,"s:33:8:33:Infinity":2,"s:34:8:34:Infinity":3,"s:35:8:35:Infinity":4,"s:36:8:36:Infinity":5,"b:36:28:36:50:36:50:36:Infinity":0,"s:37:8:37:Infinity":6,"b:37:30:37:54:37:54:37:Infinity":1,"s:38:8:38:Infinity":7,"f:41:11:41:18":1,"s:42:8:42:Infinity":8}}}
,"/Users/user1000/gitprojects/escacs-permit-engine/src/lib/permit-engine/domain/entities/PermitDocument.ts": {"path":"/Users/user1000/gitprojects/escacs-permit-engine/src/lib/permit-engine/domain/entities/PermitDocument.ts","statementMap":{"0":{"start":{"line":31,"column":8},"end":{"line":31,"column":null}},"1":{"start":{"line":32,"column":8},"end":{"line":32,"column":null}},"2":{"start":{"line":33,"column":8},"end":{"line":33,"column":null}},"3":{"start":{"line":34,"column":8},"end":{"line":34,"column":null}},"4":{"start":{"line":35,"column":8},"end":{"line":35,"column":null}},"5":{"start":{"line":36,"column":8},"end":{"line":36,"column":null}},"6":{"start":{"line":40,"column":8},"end":{"line":44,"column":null}},"7":{"start":{"line":48,"column":8},"end":{"line":48,"column":null}},"8":{"start":{"line":52,"column":8},"end":{"line":52,"column":null}}},"fnMap":{"0":{"name":"(anonymous_0)","decl":{"start":{"line":30,"column":4},"end":{"line":30,"column":16}},"loc":{"start":{"line":30,"column":44},"end":{"line":37,"column":null}},"line":30},"1":{"name":"(anonymous_1)","decl":{"start":{"line":39,"column":11},"end":{"line":39,"column":18}},"loc":{"start":{"line":39,"column":96},"end":{"line":45,"column":null}},"line":39},"2":{"name":"(anonymous_2)","decl":{"start":{"line":47,"column":8},"end":{"line":47,"column":29}},"loc":{"start":{"line":47,"column":29},"end":{"line":49,"column":null}},"line":47},"3":{"name":"(anonymous_3)","decl":{"start":{"line":51,"column":4},"end":{"line":51,"column":26}},"loc":{"start":{"line":51,"column":26},"end":{"line":53,"column":null}},"line":51}},"branchMap":{},"s":{"0":2,"1":2,"2":2,"3":2,"4":2,"5":2,"6":2,"7":1,"8":2},"f":{"0":2,"1":1,"2":1,"3":2},"b":{},"meta":{"lastBranch":0,"lastFunction":4,"lastStatement":9,"seen":{"f:30:4:30:16":0,"s:31:8:31:Infinity":0,"s:32:8:32:Infinity":1,"s:33:8:33:Infinity":2,"s:34:8:34:Infinity":3,"s:35:8:35:Infinity":4,"s:36:8:36:Infinity":5,"f:39:11:39:18":1,"s:40:8:44:Infinity":6,"f:47:8:47:29":2,"s:48:8:48:Infinity":7,"f:51:4:51:26":3,"s:52:8:52:Infinity":8}}}
,"/Users/user1000/gitprojects/escacs-permit-engine/src/lib/permit-engine/domain/services/LegalRAGService.ts": {"path":"/Users/user1000/gitprojects/escacs-permit-engine/src/lib/permit-engine/domain/services/LegalRAGService.ts","statementMap":{"0":{"start":{"line":15,"column":25},"end":{"line":15,"column":null}},"1":{"start":{"line":16,"column":25},"end":{"line":16,"column":null}},"2":{"start":{"line":23,"column":25},"end":{"line":23,"column":null}},"3":{"start":{"line":24,"column":33},"end":{"line":24,"column":null}},"4":{"start":{"line":24,"column":54},"end":{"line":24,"column":82}},"5":{"start":{"line":26,"column":8},"end":{"line":28,"column":null}},"6":{"start":{"line":27,"column":12},"end":{"line":27,"column":null}},"7":{"start":{"line":30,"column":23},"end":{"line":30,"column":null}},"8":{"start":{"line":31,"column":25},"end":{"line":31,"column":null}},"9":{"start":{"line":33,"column":8},"end":{"line":37,"column":null}},"10":{"start":{"line":36,"column":47},"end":{"line":36,"column":70}},"11":{"start":{"line":41,"column":27},"end":{"line":41,"column":null}},"12":{"start":{"line":41,"column":45},"end":{"line":41,"column":54}},"13":{"start":{"line":42,"column":8},"end":{"line":42,"column":null}},"14":{"start":{"line":46,"column":8},"end":{"line":50,"column":null}}},"fnMap":{"0":{"name":"(anonymous_0)","decl":{"start":{"line":14,"column":4},"end":{"line":14,"column":null}},"loc":{"start":{"line":17,"column":6},"end":{"line":17,"column":null}},"line":17},"1":{"name":"(anonymous_1)","decl":{"start":{"line":22,"column":10},"end":{"line":22,"column":22}},"loc":{"start":{"line":22,"column":73},"end":{"line":38,"column":null}},"line":22},"2":{"name":"(anonymous_2)","decl":{"start":{"line":24,"column":49},"end":{"line":24,"column":54}},"loc":{"start":{"line":24,"column":54},"end":{"line":24,"column":82}},"line":24},"3":{"name":"(anonymous_3)","decl":{"start":{"line":36,"column":42},"end":{"line":36,"column":47}},"loc":{"start":{"line":36,"column":47},"end":{"line":36,"column":70}},"line":36},"4":{"name":"(anonymous_4)","decl":{"start":{"line":40,"column":12},"end":{"line":40,"column":27}},"loc":{"start":{"line":40,"column":67},"end":{"line":43,"column":null}},"line":40},"5":{"name":"(anonymous_5)","decl":{"start":{"line":41,"column":40},"end":{"line":41,"column":45}},"loc":{"start":{"line":41,"column":45},"end":{"line":41,"column":54}},"line":41},"6":{"name":"(anonymous_6)","decl":{"start":{"line":45,"column":12},"end":{"line":45,"column":47}},"loc":{"start":{"line":45,"column":47},"end":{"line":51,"column":null}},"line":45}},"branchMap":{"0":{"loc":{"start":{"line":26,"column":8},"end":{"line":28,"column":null}},"type":"if","locations":[{"start":{"line":26,"column":8},"end":{"line":28,"column":null}},{"start":{},"end":{}}],"line":26}},"s":{"0":2,"1":2,"2":2,"3":2,"4":1,"5":2,"6":1,"7":1,"8":1,"9":1,"10":1,"11":1,"12":1,"13":1,"14":1},"f":{"0":2,"1":2,"2":1,"3":1,"4":1,"5":1,"6":1},"b":{"0":[1,1]},"meta":{"lastBranch":1,"lastFunction":7,"lastStatement":15,"seen":{"f:14:4:14:Infinity":0,"s:15:25:15:Infinity":0,"s:16:25:16:Infinity":1,"f:22:10:22:22":1,"s:23:25:23:Infinity":2,"s:24:33:24:Infinity":3,"f:24:49:24:54":2,"s:24:54:24:82":4,"b:26:8:28:Infinity:undefined:undefined:undefined:undefined":0,"s:26:8:28:Infinity":5,"s:27:12:27:Infinity":6,"s:30:23:30:Infinity":7,"s:31:25:31:Infinity":8,"s:33:8:37:Infinity":9,"f:36:42:36:47":3,"s:36:47:36:70":10,"f:40:12:40:27":4,"s:41:27:41:Infinity":11,"f:41:40:41:45":5,"s:41:45:41:54":12,"s:42:8:42:Infinity":13,"f:45:12:45:47":6,"s:46:8:50:Infinity":14}}}
,"/Users/user1000/gitprojects/escacs-permit-engine/src/lib/permit-engine/domain/services/PermitParserService.ts": {"path":"/Users/user1000/gitprojects/escacs-permit-engine/src/lib/permit-engine/domain/services/PermitParserService.ts","statementMap":{"0":{"start":{"line":12,"column":25},"end":{"line":12,"column":null}},"1":{"start":{"line":13,"column":25},"end":{"line":13,"column":null}},"2":{"start":{"line":14,"column":25},"end":{"line":14,"column":null}},"3":{"start":{"line":21,"column":23},"end":{"line":21,"column":null}},"4":{"start":{"line":23,"column":23},"end":{"line":28,"column":null}},"5":{"start":{"line":30,"column":8},"end":{"line":30,"column":null}},"6":{"start":{"line":31,"column":8},"end":{"line":31,"column":null}},"7":{"start":{"line":33,"column":8},"end":{"line":33,"column":null}},"8":{"start":{"line":40,"column":23},"end":{"line":40,"column":null}},"9":{"start":{"line":41,"column":25},"end":{"line":41,"column":null}},"10":{"start":{"line":42,"column":8},"end":{"line":42,"column":null}},"11":{"start":{"line":46,"column":21},"end":{"line":49,"column":null}},"12":{"start":{"line":46,"column":47},"end":{"line":49,"column":10}},"13":{"start":{"line":50,"column":8},"end":{"line":50,"column":null}},"14":{"start":{"line":54,"column":8},"end":{"line":54,"column":null}},"15":{"start":{"line":60,"column":8},"end":{"line":71,"column":null}}},"fnMap":{"0":{"name":"(anonymous_0)","decl":{"start":{"line":11,"column":4},"end":{"line":11,"column":null}},"loc":{"start":{"line":15,"column":6},"end":{"line":15,"column":null}},"line":15},"1":{"name":"(anonymous_1)","decl":{"start":{"line":20,"column":10},"end":{"line":20,"column":24}},"loc":{"start":{"line":20,"column":100},"end":{"line":34,"column":null}},"line":20},"2":{"name":"(anonymous_2)","decl":{"start":{"line":39,"column":10},"end":{"line":39,"column":30}},"loc":{"start":{"line":39,"column":88},"end":{"line":43,"column":null}},"line":39},"3":{"name":"(anonymous_3)","decl":{"start":{"line":45,"column":18},"end":{"line":45,"column":32}},"loc":{"start":{"line":45,"column":71},"end":{"line":51,"column":null}},"line":45},"4":{"name":"(anonymous_4)","decl":{"start":{"line":46,"column":41},"end":{"line":46,"column":47}},"loc":{"start":{"line":46,"column":47},"end":{"line":49,"column":10}},"line":46},"5":{"name":"(anonymous_5)","decl":{"start":{"line":53,"column":12},"end":{"line":53,"column":34}},"loc":{"start":{"line":53,"column":66},"end":{"line":56,"column":null}},"line":53},"6":{"name":"(anonymous_6)","decl":{"start":{"line":58,"column":12},"end":{"line":58,"column":38}},"loc":{"start":{"line":58,"column":96},"end":{"line":72,"column":null}},"line":58}},"branchMap":{},"s":{"0":2,"1":2,"2":2,"3":2,"4":2,"5":2,"6":2,"7":2,"8":1,"9":1,"10":1,"11":2,"12":6,"13":2,"14":1,"15":1},"f":{"0":2,"1":2,"2":1,"3":2,"4":6,"5":1,"6":1},"b":{},"meta":{"lastBranch":0,"lastFunction":7,"lastStatement":16,"seen":{"f:11:4:11:Infinity":0,"s:12:25:12:Infinity":0,"s:13:25:13:Infinity":1,"s:14:25:14:Infinity":2,"f:20:10:20:24":1,"s:21:23:21:Infinity":3,"s:23:23:28:Infinity":4,"s:30:8:30:Infinity":5,"s:31:8:31:Infinity":6,"s:33:8:33:Infinity":7,"f:39:10:39:30":2,"s:40:23:40:Infinity":8,"s:41:25:41:Infinity":9,"s:42:8:42:Infinity":10,"f:45:18:45:32":3,"s:46:21:49:Infinity":11,"f:46:41:46:47":4,"s:46:47:49:10":12,"s:50:8:50:Infinity":13,"f:53:12:53:34":5,"s:54:8:54:Infinity":14,"f:58:12:58:38":6,"s:60:8:71:Infinity":15}}}
,"/Users/user1000/gitprojects/escacs-permit-engine/src/lib/permit-engine/infrastructure/MockAdapters.ts": {"path":"/Users/user1000/gitprojects/escacs-permit-engine/src/lib/permit-engine/infrastructure/MockAdapters.ts","statementMap":{"0":{"start":{"line":9,"column":62},"end":{"line":9,"column":null}},"1":{"start":{"line":12,"column":8},"end":{"line":12,"column":null}},"2":{"start":{"line":17,"column":27},"end":{"line":17,"column":null}},"3":{"start":{"line":18,"column":8},"end":{"line":25,"column":null}},"4":{"start":{"line":19,"column":25},"end":{"line":19,"column":109}},"5":{"start":{"line":21,"column":23},"end":{"line":25,"column":14}},"6":{"start":{"line":31,"column":8},"end":{"line":36,"column":null}},"7":{"start":{"line":32,"column":12},"end":{"line":35,"column":null}},"8":{"start":{"line":37,"column":8},"end":{"line":40,"column":null}},"9":{"start":{"line":46,"column":8},"end":{"line":53,"column":null}}},"fnMap":{"0":{"name":"(anonymous_0)","decl":{"start":{"line":11,"column":10},"end":{"line":11,"column":23}},"loc":{"start":{"line":11,"column":82},"end":{"line":13,"column":null}},"line":11},"1":{"name":"(anonymous_1)","decl":{"start":{"line":15,"column":10},"end":{"line":15,"column":17}},"loc":{"start":{"line":15,"column":76},"end":{"line":26,"column":null}},"line":15},"2":{"name":"(anonymous_2)","decl":{"start":{"line":19,"column":20},"end":{"line":19,"column":25}},"loc":{"start":{"line":19,"column":25},"end":{"line":19,"column":109}},"line":19},"3":{"name":"(anonymous_3)","decl":{"start":{"line":21,"column":17},"end":{"line":21,"column":23}},"loc":{"start":{"line":21,"column":23},"end":{"line":25,"column":14}},"line":21},"4":{"name":"(anonymous_4)","decl":{"start":{"line":30,"column":10},"end":{"line":30,"column":19}},"loc":{"start":{"line":30,"column":57},"end":{"line":41,"column":null}},"line":30},"5":{"name":"(anonymous_5)","decl":{"start":{"line":45,"column":10},"end":{"line":45,"column":19}},"loc":{"start":{"line":45,"column":62},"end":{"line":54,"column":null}},"line":45}},"branchMap":{"0":{"loc":{"start":{"line":15,"column":32},"end":{"line":15,"column":76}},"type":"default-arg","locations":[{"start":{"line":15,"column":48},"end":{"line":15,"column":76}}],"line":15},"1":{"loc":{"start":{"line":19,"column":25},"end":{"line":19,"column":109}},"type":"binary-expr","locations":[{"start":{"line":19,"column":25},"end":{"line":19,"column":73}},{"start":{"line":19,"column":73},"end":{"line":19,"column":109}}],"line":19},"2":{"loc":{"start":{"line":31,"column":8},"end":{"line":36,"column":null}},"type":"if","locations":[{"start":{"line":31,"column":8},"end":{"line":36,"column":null}},{"start":{},"end":{}}],"line":31}},"s":{"0":4,"1":3,"2":2,"3":2,"4":1,"5":1,"6":2,"7":1,"8":1,"9":2},"f":{"0":3,"1":2,"2":1,"3":1,"4":2,"5":2},"b":{"0":[2],"1":[1,1],"2":[1,1]},"meta":{"lastBranch":3,"lastFunction":6,"lastStatement":10,"seen":{"s:9:62:9:Infinity":0,"f:11:10:11:23":0,"s:12:8:12:Infinity":1,"f:15:10:15:17":1,"b:15:48:15:76":0,"s:17:27:17:Infinity":2,"s:18:8:25:Infinity":3,"f:19:20:19:25":2,"s:19:25:19:109":4,"b:19:25:19:73:19:73:19:109":1,"f:21:17:21:23":3,"s:21:23:25:14":5,"f:30:10:30:19":4,"b:31:8:36:Infinity:undefined:undefined:undefined:undefined":2,"s:31:8:36:Infinity":6,"s:32:12:35:Infinity":7,"s:37:8:40:Infinity":8,"f:45:10:45:19":5,"s:46:8:53:Infinity":9}}}
}
